Using pre-set license
Built from '2020.2/release' branch; Version is '2020.2.2f1 (068178b99f32) revision 426360'; Using compiler version '192528614'; Build Type 'Release'
OS: 'Windows 10 Pro; OS build 19042.928; Version 2009; 64bit' Language: 'en' Physical Memory: 65443 MB
BatchMode: 1, IsHumanControllingUs: 0, StartBugReporterOnCrash: 0, Is64bit: 1, IsPro: 0

 COMMAND LINE ARGUMENTS:
D:\Unity\Editor\Unity.exe
-adb2
-batchMode
-noUpm
-name
AssetImportWorker0
-projectPath
C:/Users/jamoh/OneDrive/Documents/GitHub/single-screen-game/Design-Practice-Single-Scene-Game/2D Single Design Practice Game Scene
-logFile
Logs/AssetImportWorker0.log
-srvPort
57648
Successfully changed project path to: C:/Users/jamoh/OneDrive/Documents/GitHub/single-screen-game/Design-Practice-Single-Scene-Game/2D Single Design Practice Game Scene
C:/Users/jamoh/OneDrive/Documents/GitHub/single-screen-game/Design-Practice-Single-Scene-Game/2D Single Design Practice Game Scene
Using Asset Import Pipeline V2.
Refreshing native plugins compatible for Editor in 32.98 ms, found 1 plugins.
Preloading 0 native plugins for Editor in 0.00 ms.
Initialize engine version: 2020.2.2f1 (068178b99f32)
[Subsystems] Discovering subsystems at path D:/Unity/Editor/Data/Resources/UnitySubsystems
[Subsystems] Discovering subsystems at path C:/Users/jamoh/OneDrive/Documents/GitHub/single-screen-game/Design-Practice-Single-Scene-Game/2D Single Design Practice Game Scene/Assets
GfxDevice: creating device client; threaded=0
Direct3D:
    Version:  Direct3D 11.0 [level 11.1]
    Renderer: AMD Radeon RX 5700 XT (ID=0x731f)
    Vendor:   
    VRAM:     8151 MB
    Driver:   27.20.15003.1004
Initialize mono
Mono path[0] = 'D:/Unity/Editor/Data/Managed'
Mono path[1] = 'D:/Unity/Editor/Data/MonoBleedingEdge/lib/mono/unityjit'
Mono config path = 'D:/Unity/Editor/Data/MonoBleedingEdge/etc'
Using monoOptions --debugger-agent=transport=dt_socket,embedding=1,server=y,suspend=n,address=127.0.0.1:56236
Begin MonoManager ReloadAssembly
Registering precompiled unity dll's ...
Register platform support module: D:/Unity/Editor/Data/PlaybackEngines/WebGLSupport/UnityEditor.WebGL.Extensions.dll
Register platform support module: D:/Unity/Editor/Data/PlaybackEngines/WindowsStandaloneSupport/UnityEditor.WindowsStandalone.Extensions.dll
Registered in 0.000953 seconds.
Native extension for WindowsStandalone target not found
Native extension for WebGL target not found
Refreshing native plugins compatible for Editor in 33.43 ms, found 1 plugins.
Preloading 0 native plugins for Editor in 0.00 ms.
Invoked RoslynAnalysisRunner static constructor.
RoslynAnalysisRunner will not be running.
RoslynAnalysisRunner has terminated.
Mono: successfully reloaded assembly
- Completed reload, in  0.731 seconds
Platform modules already initialized, skipping
Registering precompiled user dll's ...
Registered in 0.001130 seconds.
Begin MonoManager ReloadAssembly
Native extension for WindowsStandalone target not found
Native extension for WebGL target not found
Refreshing native plugins compatible for Editor in 33.55 ms, found 1 plugins.
Preloading 0 native plugins for Editor in 0.00 ms.
Invoked RoslynAnalysisRunner static constructor.
RoslynAnalysisRunner will not be running.
RoslynAnalysisRunner has terminated.
Mono: successfully reloaded assembly
- Completed reload, in  0.752 seconds
Platform modules already initialized, skipping
========================================================================
Worker process is ready to serve import requests
Launched and connected shader compiler UnityShaderCompiler.exe after 0.03 seconds
Refreshing native plugins compatible for Editor in 0.39 ms, found 1 plugins.
Preloading 0 native plugins for Editor in 0.00 ms.
Unloading 1943 Unused Serialized files (Serialized files now loaded: 0)
System memory in use before: 90.1 MB.
System memory in use after: 90.2 MB.

Unloading 20 unused Assets to reduce memory usage. Loaded Objects now: 2390.
Total: 2.630900 ms (FindLiveObjects: 0.239100 ms CreateObjectMapping: 0.071300 ms MarkObjects: 2.244900 ms  DeleteObjects: 0.074600 ms)

========================================================================
Received Import Request.
  path: Assets/Animations/Bouncy Flower.controller
  artifactKey: Guid(7d1fdb69da96f314fb99af455485ac83) Importer(815301076,1909f56bfc062723c751e8b465ee728b)
Start importing Assets/Animations/Bouncy Flower.controller using Guid(7d1fdb69da96f314fb99af455485ac83) Importer(815301076,1909f56bfc062723c751e8b465ee728b)  -> (artifact id: '1a71ec97d2ec80ba46dd0664d517a194') in 0.026514 seconds
  Import took 0.031101 seconds .

========================================================================
Received Import Request.
  Time since last request: 35.715741 seconds.
  path: Assets/Sprites/Bouncy Flower.png
  artifactKey: Guid(b58f233baea149649ac97661454d1527) Importer(815301076,1909f56bfc062723c751e8b465ee728b)
Start importing Assets/Sprites/Bouncy Flower.png using Guid(b58f233baea149649ac97661454d1527) Importer(815301076,1909f56bfc062723c751e8b465ee728b)  -> (artifact id: '3c351cb15fc57334f3b59ac75dbe40b3') in 0.078204 seconds
  Import took 0.083014 seconds .

========================================================================
Received Import Request.
  Time since last request: 5.740461 seconds.
  path: Assets/Sprites/Bouncy Flower.png
  artifactKey: Guid(b58f233baea149649ac97661454d1527) Importer(815301076,1909f56bfc062723c751e8b465ee728b)
Start importing Assets/Sprites/Bouncy Flower.png using Guid(b58f233baea149649ac97661454d1527) Importer(815301076,1909f56bfc062723c751e8b465ee728b)  -> (artifact id: '8d1943d4cf8947e23df898a665e37ede') in 0.009400 seconds
  Import took 0.013970 seconds .

========================================================================
Received Import Request.
  Time since last request: 19.606991 seconds.
  path: Assets/Sprites/Bouncy Flower.png
  artifactKey: Guid(b58f233baea149649ac97661454d1527) Importer(815301076,1909f56bfc062723c751e8b465ee728b)
Start importing Assets/Sprites/Bouncy Flower.png using Guid(b58f233baea149649ac97661454d1527) Importer(815301076,1909f56bfc062723c751e8b465ee728b)  -> (artifact id: 'ad59cb296e7d965527267a564b55edd4') in 0.019762 seconds
  Import took 0.024502 seconds .

========================================================================
Received Import Request.
  Time since last request: 110.938749 seconds.
  path: Assets/Prefabs/Bouncy Flower.prefab
  artifactKey: Guid(a864f69a1a9fa3f4faddd10d5a5a6a70) Importer(815301076,1909f56bfc062723c751e8b465ee728b)
Start importing Assets/Prefabs/Bouncy Flower.prefab using Guid(a864f69a1a9fa3f4faddd10d5a5a6a70) Importer(815301076,1909f56bfc062723c751e8b465ee728b) The Animator Controller (Bouncy Flower) you have used is not valid. Animations will not play
UnityEngine.StackTraceUtility:ExtractStackTrace ()
UnityEditor.EditorUtility:Internal_InstantiateRemoveAllNonAnimationComponentsSingle (UnityEngine.Object,UnityEngine.Vector3,UnityEngine.Quaternion)
UnityEditor.EditorUtility:InstantiateRemoveAllNonAnimationComponents (UnityEngine.Object,UnityEngine.Vector3,UnityEngine.Quaternion)
UnityEditor.EditorUtility:InstantiateForAnimatorPreview (UnityEngine.Object)
UnityEditor.GameObjectInspector/PreviewData:UpdateGameObject (UnityEngine.Object)
UnityEditor.GameObjectInspector/PreviewData:.ctor (UnityEngine.Object)
UnityEditor.GameObjectInspector:GetPreviewData ()
UnityEditor.GameObjectInspector:RenderStaticPreview (string,UnityEngine.Object[],int,int)
UnityEditor.AssetPreviewUpdater:CreatePreviewForAsset (UnityEngine.Object,UnityEngine.Object[],string)

[C:\buildslave\unity\build\Modules/Animation/Director/AnimatorControllerPlayable.cpp line 332]

The Animator Controller (Bouncy Flower) you have used is not valid. Animations will not play
UnityEngine.StackTraceUtility:ExtractStackTrace ()
UnityEditor.EditorUtility:InitInstantiatedPreviewRecursive (UnityEngine.GameObject)
UnityEditor.EditorUtility:InstantiateForAnimatorPreview (UnityEngine.Object)
UnityEditor.GameObjectInspector/PreviewData:UpdateGameObject (UnityEngine.Object)
UnityEditor.GameObjectInspector/PreviewData:.ctor (UnityEngine.Object)
UnityEditor.GameObjectInspector:GetPreviewData ()
UnityEditor.GameObjectInspector:RenderStaticPreview (string,UnityEngine.Object[],int,int)
UnityEditor.AssetPreviewUpdater:CreatePreviewForAsset (UnityEngine.Object,UnityEngine.Object[],string)

[C:\buildslave\unity\build\Modules/Animation/Director/AnimatorControllerPlayable.cpp line 332]

 -> (artifact id: 'a4a9c656ce00d6931c91cd5d2545ae87') in 0.031440 seconds
  Import took 0.036138 seconds .

========================================================================
Received Import Request.
  Time since last request: 0.001267 seconds.
  path: Assets/Prefabs/Bouncy Flower.prefab
  artifactKey: Guid(a864f69a1a9fa3f4faddd10d5a5a6a70) Importer(815301076,1909f56bfc062723c751e8b465ee728b)
Start importing Assets/Prefabs/Bouncy Flower.prefab using Guid(a864f69a1a9fa3f4faddd10d5a5a6a70) Importer(815301076,1909f56bfc062723c751e8b465ee728b) The Animator Controller (Bouncy Flower) you have used is not valid. Animations will not play
UnityEngine.StackTraceUtility:ExtractStackTrace ()
UnityEditor.EditorUtility:Internal_InstantiateRemoveAllNonAnimationComponentsSingle (UnityEngine.Object,UnityEngine.Vector3,UnityEngine.Quaternion)
UnityEditor.EditorUtility:InstantiateRemoveAllNonAnimationComponents (UnityEngine.Object,UnityEngine.Vector3,UnityEngine.Quaternion)
UnityEditor.EditorUtility:InstantiateForAnimatorPreview (UnityEngine.Object)
UnityEditor.GameObjectInspector/PreviewData:UpdateGameObject (UnityEngine.Object)
UnityEditor.GameObjectInspector/PreviewData:.ctor (UnityEngine.Object)
UnityEditor.GameObjectInspector:GetPreviewData ()
UnityEditor.GameObjectInspector:RenderStaticPreview (string,UnityEngine.Object[],int,int)
UnityEditor.AssetPreviewUpdater:CreatePreviewForAsset (UnityEngine.Object,UnityEngine.Object[],string)

[C:\buildslave\unity\build\Modules/Animation/Director/AnimatorControllerPlayable.cpp line 332]

The Animator Controller (Bouncy Flower) you have used is not valid. Animations will not play
UnityEngine.StackTraceUtility:ExtractStackTrace ()
UnityEditor.EditorUtility:InitInstantiatedPreviewRecursive (UnityEngine.GameObject)
UnityEditor.EditorUtility:InstantiateForAnimatorPreview (UnityEngine.Object)
UnityEditor.GameObjectInspector/PreviewData:UpdateGameObject (UnityEngine.Object)
UnityEditor.GameObjectInspector/PreviewData:.ctor (UnityEngine.Object)
UnityEditor.GameObjectInspector:GetPreviewData ()
UnityEditor.GameObjectInspector:RenderStaticPreview (string,UnityEngine.Object[],int,int)
UnityEditor.AssetPreviewUpdater:CreatePreviewForAsset (UnityEngine.Object,UnityEngine.Object[],string)

[C:\buildslave\unity\build\Modules/Animation/Director/AnimatorControllerPlayable.cpp line 332]

 -> (artifact id: 'a4a9c656ce00d6931c91cd5d2545ae87') in 0.010009 seconds
  Import took 0.014638 seconds .

========================================================================
Received Import Request.
  Time since last request: 90.981593 seconds.
  path: Assets/Sprites/Rocks.png
  artifactKey: Guid(f7af8817fa5fa2e409f1afc9efb3a509) Importer(815301076,1909f56bfc062723c751e8b465ee728b)
Start importing Assets/Sprites/Rocks.png using Guid(f7af8817fa5fa2e409f1afc9efb3a509) Importer(815301076,1909f56bfc062723c751e8b465ee728b)  -> (artifact id: '60c756ebb70078dcfa80f4430f53c89d') in 0.011788 seconds
  Import took 0.015604 seconds .

========================================================================
Received Import Request.
  Time since last request: 6.056214 seconds.
  path: Assets/Sprites/Rocks.png
  artifactKey: Guid(f7af8817fa5fa2e409f1afc9efb3a509) Importer(815301076,1909f56bfc062723c751e8b465ee728b)
Start importing Assets/Sprites/Rocks.png using Guid(f7af8817fa5fa2e409f1afc9efb3a509) Importer(815301076,1909f56bfc062723c751e8b465ee728b)  -> (artifact id: '1350a57e9b2da1531edccf90e2a86713') in 0.010838 seconds
  Import took 0.014122 seconds .

AssetImportWorkerClient::OnTransportError - code=2 error=End of file
